Choose vegetables for salad
List of vegatable types:
1. FLOWER
2. LEAFY
3. TUBER
4. ROOT
5. BULB
6. STEM
7. FRUIT
8. POD
Select type of vegetables:
5
15 Onion
16 Shallot
17 Garlic
18 Springonion
19 Fennel Boiled
Select id
15
Enter weight:
100
1. Select next
0. Exit
1
Choose vegetables for salad
List of vegatable types:
1. FLOWER
2. LEAFY
3. TUBER
4. ROOT
5. BULB
6. STEM
7. FRUIT
8. POD
Select type of vegetables:
7
23 Tomatoes
24 Cucumbers
25 Tomato Cherry
26 Bellpepper
27 Avocado
Select id
23
Enter weight:
350
1. Select next
0. Exit
1
Choose vegetables for salad
List of vegatable types:
1. FLOWER
2. LEAFY
3. TUBER
4. ROOT
5. BULB
6. STEM
7. FRUIT
8. POD
Select type of vegetables:
7
23 Tomatoes
24 Cucumbers
25 Tomato Cherry
26 Bellpepper
27 Avocado
Select id
24
Enter weight:
300
1. Select next
0. Exit
1
Choose vegetables for salad
List of vegatable types:
1. FLOWER
2. LEAFY
3. TUBER
4. ROOT
5. BULB
6. STEM
7. FRUIT
8. POD
Select type of vegetables:
7
23 Tomatoes
24 Cucumbers
25 Tomato Cherry
26 Bellpepper
27 Avocado
Select id
26
Enter weight:
200
1. Select next
0. Exit
0
Choose salad dressing for salad
List of salad dressing types:
1. SIMPLE
2. COMPAUND
Select type of salad dressing:
1
1 Vegetable oil
2 Olive oil
3 Sour cream 10%
4 Sour cream 20%
5 Lemon juice
6 Mayo
7 Greek yogurt
16 Red Wine vinegar
17 Balsamic vinegar
Select id
2
Enter weight:
50
1. Select next
0. Exit
1
1 Vegetable oil
2 Olive oil
3 Sour cream 10%
4 Sour cream 20%
5 Lemon juice
6 Mayo
7 Greek yogurt
16 Red Wine vinegar
17 Balsamic vinegar
Select id
16
Enter weight:
30
1. Select next
0. Exit
0
Salad
name = Tasty salad
weight = 1030,00g
Total:
 proteins = 8,05g
fats = 51,80g
carbs = 38,55g
energy = 649,60kcal
fibre = 9,90g

Per 100 gramm:
proteins = 0,78g
fats = 5,03g
carbs = 3,74g
energy = 63,07kcal
fibre = 0,96g

Salad Ingredients
 -Vegetable:
Onion 100.0g.
Tomatoes 350.0g.
Cucumbers 300.0g.
Bellpepper 200.0g.
-Salad Dressing:
Olive oil 50.0g.
Red Wine vinegar 30.0g.

Salad total energy: 649.6

Process finished with exit code 0
